# JRE version: 7.0_15-b03
# Java VM: Java HotSpot(TM) 64-Bit Server VM (23.7-b01 mixed mode windows-amd64 compressed oops)
Heap
 PSYoungGen      total 297728K, used 292832K [0x00000000ed6b0000, 0x0000000100000000, 0x0000000100000000)
  eden space 290624K, 100% used [0x00000000ed6b0000,0x00000000ff280000,0x00000000ff280000)
  from space 7104K, 31% used [0x00000000ff910000,0x00000000ffb38000,0x0000000100000000)
  to   space 6720K, 66% used [0x00000000ff280000,0x00000000ff6e0000,0x00000000ff910000)
 ParOldGen       total 86656K, used 40980K [0x00000000c8400000, 0x00000000cd8a0000, 0x00000000ed6b0000)
  object space 86656K, 47% used [0x00000000c8400000,0x00000000cac05330,0x00000000cd8a0000)
 PSPermGen       total 21248K, used 8260K [0x00000000c3200000, 0x00000000c46c0000, 0x00000000c8400000)
  object space 21248K, 38% used [0x00000000c3200000,0x00000000c3a11140,0x00000000c46c0000)
GC Heap History (10 events):
Event: 45.485 GC heap after
Heap after GC invocations=148 (full 1):
 PSYoungGen      total 259904K, used 3454K [0x00000000ed6b0000, 0x00000000feeb0000, 0x0000000100000000)
  eden space 256448K, 0% used [0x00000000ed6b0000,0x00000000ed6b0000,0x00000000fd120000)
  from space 3456K, 99% used [0x00000000fd120000,0x00000000fd47fb58,0x00000000fd480000)
  to   space 4928K, 0% used [0x00000000fe9e0000,0x00000000fe9e0000,0x00000000feeb0000)
 ParOldGen       total 45952K, used 36847K [0x00000000c8400000, 0x00000000cb0e0000, 0x00000000ed6b0000)
  object space 45952K, 80% used [0x00000000c8400000,0x00000000ca7fbc60,0x00000000cb0e0000)
 PSPermGen       total 21248K, used 8259K [0x00000000c3200000, 0x00000000c46c0000, 0x00000000c8400000)
  object space 21248K, 38% used [0x00000000c3200000,0x00000000c3a10e28,0x00000000c46c0000)
}
Event: 46.844 GC heap before
{Heap before GC invocations=149 (full 1):
 PSYoungGen      total 259904K, used 259902K [0x00000000ed6b0000, 0x00000000feeb0000, 0x0000000100000000)
  eden space 256448K, 100% used [0x00000000ed6b0000,0x00000000fd120000,0x00000000fd120000)
  from space 3456K, 99% used [0x00000000fd120000,0x00000000fd47fb58,0x00000000fd480000)
  to   space 4928K, 0% used [0x00000000fe9e0000,0x00000000fe9e0000,0x00000000feeb0000)
 ParOldGen       total 45952K, used 36847K [0x00000000c8400000, 0x00000000cb0e0000, 0x00000000ed6b0000)
  object space 45952K, 80% used [0x00000000c8400000,0x00000000ca7fbc60,0x00000000cb0e0000)
 PSPermGen       total 21248K, used 8260K [0x00000000c3200000, 0x00000000c46c0000, 0x00000000c8400000)
  object space 21248K, 38% used [0x00000000c3200000,0x00000000c3a11030,0x00000000c46c0000)
Event: 46.892 GC heap after
Heap after GC invocations=149 (full 1):
 PSYoungGen      total 281024K, used 4766K [0x00000000ed6b0000, 0x00000000ff310000, 0x0000000100000000)
  eden space 276096K, 0% used [0x00000000ed6b0000,0x00000000ed6b0000,0x00000000fe450000)
  from space 4928K, 96% used [0x00000000fe9e0000,0x00000000fee87b58,0x00000000feeb0000)
  to   space 5696K, 0% used [0x00000000fe450000,0x00000000fe450000,0x00000000fe9e0000)
 ParOldGen       total 56640K, used 47794K [0x00000000c8400000, 0x00000000cbb50000, 0x00000000ed6b0000)
  object space 56640K, 84% used [0x00000000c8400000,0x00000000cb2ac868,0x00000000cbb50000)
 PSPermGen       total 21248K, used 8260K [0x00000000c3200000, 0x00000000c46c0000, 0x00000000c8400000)
  object space 21248K, 38% used [0x00000000c3200000,0x00000000c3a11030,0x00000000c46c0000)
}
Event: 48.420 GC heap before
{Heap before GC invocations=150 (full 1):
 PSYoungGen      total 281024K, used 280862K [0x00000000ed6b0000, 0x00000000ff310000, 0x0000000100000000)
  eden space 276096K, 100% used [0x00000000ed6b0000,0x00000000fe450000,0x00000000fe450000)
  from space 4928K, 96% used [0x00000000fe9e0000,0x00000000fee87b58,0x00000000feeb0000)
  to   space 5696K, 0% used [0x00000000fe450000,0x00000000fe450000,0x00000000fe9e0000)
 ParOldGen       total 56640K, used 47794K [0x00000000c8400000, 0x00000000cbb50000, 0x00000000ed6b0000)
  object space 56640K, 84% used [0x00000000c8400000,0x00000000cb2ac868,0x00000000cbb50000)
 PSPermGen       total 21248K, used 8260K [0x00000000c3200000, 0x00000000c46c0000, 0x00000000c8400000)
  object space 21248K, 38% used [0x00000000c3200000,0x00000000c3a11140,0x00000000c46c0000)
Event: 48.440 GC heap after
Heap after GC invocations=150 (full 1):
 PSYoungGen      total 281792K, used 5667K [0x00000000ed6b0000, 0x0000000100000000, 0x0000000100000000)
  eden space 276096K, 0% used [0x00000000ed6b0000,0x00000000ed6b0000,0x00000000fe450000)
  from space 5696K, 99% used [0x00000000fe450000,0x00000000fe9d8dd0,0x00000000fe9e0000)
  to   space 7104K, 0% used [0x00000000ff910000,0x00000000ff910000,0x0000000100000000)
 ParOldGen       total 56640K, used 48954K [0x00000000c8400000, 0x00000000cbb50000, 0x00000000ed6b0000)
  object space 56640K, 86% used [0x00000000c8400000,0x00000000cb3ce868,0x00000000cbb50000)
 PSPermGen       total 21248K, used 8260K [0x00000000c3200000, 0x00000000c46c0000, 0x00000000c8400000)
  object space 21248K, 38% used [0x00000000c3200000,0x00000000c3a11140,0x00000000c46c0000)
}
Event: 48.440 GC heap before
{Heap before GC invocations=151 (full 2):
 PSYoungGen      total 281792K, used 5667K [0x00000000ed6b0000, 0x0000000100000000, 0x0000000100000000)
  eden space 276096K, 0% used [0x00000000ed6b0000,0x00000000ed6b0000,0x00000000fe450000)
  from space 5696K, 99% used [0x00000000fe450000,0x00000000fe9d8dd0,0x00000000fe9e0000)
  to   space 7104K, 0% used [0x00000000ff910000,0x00000000ff910000,0x0000000100000000)
 ParOldGen       total 56640K, used 48954K [0x00000000c8400000, 0x00000000cbb50000, 0x00000000ed6b0000)
  object space 56640K, 86% used [0x00000000c8400000,0x00000000cb3ce868,0x00000000cbb50000)
 PSPermGen       total 21248K, used 8260K [0x00000000c3200000, 0x00000000c46c0000, 0x00000000c8400000)
  object space 21248K, 38% used [0x00000000c3200000,0x00000000c3a11140,0x00000000c46c0000)
Event: 48.998 GC heap after
Heap after GC invocations=151 (full 2):
 PSYoungGen      total 281792K, used 0K [0x00000000ed6b0000, 0x0000000100000000, 0x0000000100000000)
  eden space 276096K, 0% used [0x00000000ed6b0000,0x00000000ed6b0000,0x00000000fe450000)
  from space 5696K, 0% used [0x00000000fe450000,0x00000000fe450000,0x00000000fe9e0000)
  to   space 7104K, 0% used [0x00000000ff910000,0x00000000ff910000,0x0000000100000000)
 ParOldGen       total 86656K, used 40980K [0x00000000c8400000, 0x00000000cd8a0000, 0x00000000ed6b0000)
  object space 86656K, 47% used [0x00000000c8400000,0x00000000cac05330,0x00000000cd8a0000)
 PSPermGen       total 21248K, used 8260K [0x00000000c3200000, 0x00000000c46c0000, 0x00000000c8400000)
  object space 21248K, 38% used [0x00000000c3200000,0x00000000c3a11140,0x00000000c46c0000)
}
Event: 50.497 GC heap before
{Heap before GC invocations=152 (full 2):
 PSYoungGen      total 281792K, used 276096K [0x00000000ed6b0000, 0x0000000100000000, 0x0000000100000000)
  eden space 276096K, 100% used [0x00000000ed6b0000,0x00000000fe450000,0x00000000fe450000)
  from space 5696K, 0% used [0x00000000fe450000,0x00000000fe450000,0x00000000fe9e0000)
  to   space 7104K, 0% used [0x00000000ff910000,0x00000000ff910000,0x0000000100000000)
 ParOldGen       total 86656K, used 40980K [0x00000000c8400000, 0x00000000cd8a0000, 0x00000000ed6b0000)
  object space 86656K, 47% used [0x00000000c8400000,0x00000000cac05330,0x00000000cd8a0000)
 PSPermGen       total 21248K, used 8260K [0x00000000c3200000, 0x00000000c46c0000, 0x00000000c8400000)
  object space 21248K, 38% used [0x00000000c3200000,0x00000000c3a11140,0x00000000c46c0000)
Event: 50.511 GC heap after
Heap after GC invocations=152 (full 2):
 PSYoungGen      total 297728K, used 2208K [0x00000000ed6b0000, 0x0000000100000000, 0x0000000100000000)
  eden space 290624K, 0% used [0x00000000ed6b0000,0x00000000ed6b0000,0x00000000ff280000)
  from space 7104K, 31% used [0x00000000ff910000,0x00000000ffb38000,0x0000000100000000)
  to   space 6720K, 0% used [0x00000000ff280000,0x00000000ff280000,0x00000000ff910000)
 ParOldGen       total 86656K, used 40980K [0x00000000c8400000, 0x00000000cd8a0000, 0x00000000ed6b0000)
  object space 86656K, 47% used [0x00000000c8400000,0x00000000cac05330,0x00000000cd8a0000)
 PSPermGen       total 21248K, used 8260K [0x00000000c3200000, 0x00000000c46c0000, 0x00000000c8400000)
  object space 21248K, 38% used [0x00000000c3200000,0x00000000c3a11140,0x00000000c46c0000)
}
Event: 52.097 GC heap before
{Heap before GC invocations=153 (full 2):
 PSYoungGen      total 297728K, used 292832K [0x00000000ed6b0000, 0x0000000100000000, 0x0000000100000000)
  eden space 290624K, 100% used [0x00000000ed6b0000,0x00000000ff280000,0x00000000ff280000)
  from space 7104K, 31% used [0x00000000ff910000,0x00000000ffb38000,0x0000000100000000)
  to   space 6720K, 0% used [0x00000000ff280000,0x00000000ff280000,0x00000000ff910000)
 ParOldGen       total 86656K, used 40980K [0x00000000c8400000, 0x00000000cd8a0000, 0x00000000ed6b0000)
  object space 86656K, 47% used [0x00000000c8400000,0x00000000cac05330,0x00000000cd8a0000)
 PSPermGen       total 21248K, used 8260K [0x00000000c3200000, 0x00000000c46c0000, 0x00000000c8400000)
  object space 21248K, 38% used [0x00000000c3200000,0x00000000c3a11140,0x00000000c46c0000)

